<?xml version="1.0" encoding="UTF-8"?>
<!-- Generated by org.testng.reporters.JUnitReportReporter -->
<testsuite skipped="0" hostname="DESKTOP-VEVC5H6" name="Package.ClickAndBoom_Administration" tests="3" failures="0" timestamp="2020-04-13T16:34:14 IST" time="72.228" errors="0">
  <testcase name="LogInPageTest" time="55.987" classname="Package.ClickAndBoom_Administration"/>
  <testcase name="GeofencePageTest" time="6.714" classname="Package.ClickAndBoom_Administration"/>
  <testcase name="GeoreferencePageTest" time="9.527" classname="Package.ClickAndBoom_Administration"/>
</testsuite> <!-- Package.ClickAndBoom_Administration -->
