<?xml version="1.0" encoding="UTF-8"?>
<!-- Generated by org.testng.reporters.JUnitReportReporter -->
<testsuite skipped="0" hostname="DESKTOP-VEVC5H6" name="Package.ClickAndBoom" tests="10" failures="0" timestamp="2020-04-07T14:51:44 IST" time="122.112" errors="0">
  <testcase name="LogInPageTest" time="29.086" classname="Package.ClickAndBoom"/>
  <testcase name="HomePageTest" time="3.833" classname="Package.ClickAndBoom"/>
  <testcase name="LoadDataPageTest" time="14.818" classname="Package.ClickAndBoom"/>
  <testcase name="SkywebPageTest" time="9.189" classname="Package.ClickAndBoom"/>
  <testcase name="ReloadLink" time="17.368" classname="Package.ClickAndBoom"/>
  <testcase name="AdministraionPageTest" time="8.978" classname="Package.ClickAndBoom"/>
  <testcase name="HardwaremngntPageTest" time="7.505" classname="Package.ClickAndBoom"/>
  <testcase name="ReportsPageTest" time="8.568" classname="Package.ClickAndBoom"/>
  <testcase name="DutyHoursPageTest" time="7.632" classname="Package.ClickAndBoom"/>
  <testcase name="SkytracPageTest" time="15.135" classname="Package.ClickAndBoom"/>
</testsuite> <!-- Package.ClickAndBoom -->
